<?xml version="1.0" encoding="UTF-8"?>
<!-- Generated by org.testng.reporters.JUnitReportReporter -->
<testsuite hostname="DESKTOP-LUFK59G" failures="0" tests="1" name="TestCases.TestScript2" time="0.004" errors="0" timestamp="2023-05-02T22:04:04 IST" skipped="0">
  <testcase classname="TestCases.TestScript2" name="TestScript" time="0.004"/>
  <system-out/>
</testsuite> <!-- TestCases.TestScript2 -->
