<?xml version="1.0" encoding="UTF-8"?>
<!-- Generated by org.testng.reporters.JUnitReportReporter -->
<testsuite hostname="DESKTOP-LUFK59G" failures="0" tests="1" name="TestCases.TestSe" time="0.014" errors="0" timestamp="2023-05-02T22:04:04 IST" skipped="0">
  <testcase classname="TestCases.TestSe" name="TestScript" time="0.014"/>
  <system-out/>
</testsuite> <!-- TestCases.TestSe -->
