<?xml version="1.0" encoding="UTF-8"?>
<!-- Generated by org.testng.reporters.JUnitReportReporter -->
<testsuite hostname="DESKTOP-LUFK59G" failures="0" tests="1" name="TestCases.TestA" time="0.013" errors="0" timestamp="2023-05-02T22:05:34 IST" skipped="0">
  <testcase classname="TestCases.TestA" name="TestPro" time="0.013"/>
  <system-out/>
</testsuite> <!-- TestCases.TestA -->
